<?xml version="1.0" encoding="UTF-8"?>
<!-- Generated by org.testng.reporters.JUnitReportReporter -->
<testsuite hostname="LAPTOP-UJ95NADH" failures="0" tests="1" name="T01_HomePageValidation" time="0.230" errors="0" timestamp="2020-04-08T18:27:36 MDT" skipped="0">
  <testcase classname="T01_HomePageValidation" name="PageValidation" time="0.230"/>
  <system-out/>
</testsuite> <!-- T01_HomePageValidation -->
