<?xml version="1.0" encoding="UTF-8"?>
<!-- Generated by org.testng.reporters.JUnitReportReporter -->
<testsuite hostname="LAPTOP-UJ95NADH" failures="0" tests="2" name="HomePageValidation" time="0.533" errors="0" timestamp="2020-04-07T21:26:17 MDT" skipped="0">
  <testcase classname="HomePageValidation" name="PageValidation" time="0.149"/>
  <system-out/>
  <testcase classname="HomePageValidation" name="dropDown" time="0.384"/>
  <system-out/>
</testsuite> <!-- HomePageValidation -->
