<?xml version="1.0" encoding="UTF-8"?>
<!-- Generated by org.testng.reporters.JUnitReportReporter -->
<testsuite hostname="LAPTOP-UJ95NADH" failures="0" tests="1" name="T02_LogOnSignUp" time="7.072" errors="0" timestamp="2020-04-08T18:27:36 MDT" skipped="0">
  <testcase classname="T02_LogOnSignUp" name="signUp" time="7.072"/>
  <system-out/>
</testsuite> <!-- T02_LogOnSignUp -->
