<?xml version="1.0" encoding="UTF-8"?>
<!-- Generated by org.testng.reporters.JUnitReportReporter -->
<testsuite hostname="LAPTOP-UJ95NADH" failures="0" tests="1" name="T03_LogOffProcess" time="11.556" errors="0" timestamp="2020-04-08T18:27:36 MDT" skipped="0">
  <testcase classname="T03_LogOffProcess" name="PageValidation" time="11.556"/>
  <system-out/>
</testsuite> <!-- T03_LogOffProcess -->
