<?xml version="1.0" encoding="UTF-8"?>
<!-- Generated by org.testng.reporters.JUnitReportReporter -->
<testsuite hostname="LAPTOP-UJ95NADH" failures="0" tests="1" name="DigitalPointTech.Validation.HomePage" time="2.876" errors="0" timestamp="2020-04-05T20:21:17 MDT" skipped="0">
  <testcase classname="DigitalPointTech.Validation.HomePage" name="basePageNavigation" time="2.876"/>
  <system-out/>
</testsuite> <!-- DigitalPointTech.Validation.HomePage -->
