<?xml version="1.0" encoding="UTF-8"?>
<!-- Generated by org.testng.reporters.JUnitReportReporter -->
<testsuite hostname="LAPTOP-UJ95NADH" failures="0" tests="1" name="DigitalPointTech.Validation.HomePage" time="3.306" errors="0" timestamp="2020-04-05T17:49:33 MDT" skipped="0">
  <testcase classname="DigitalPointTech.Validation.HomePage" name="basePageNavigation" time="3.306"/>
  <system-out/>
</testsuite> <!-- DigitalPointTech.Validation.HomePage -->
